CRITICAL - 2023-09-11 08:51:41 --> Undefined property: stdClass::$id_jobs
in APPPATH\Views\home.php on line 36.
 1 APPPATH\Views\home.php(36): CodeIgniter\Debug\Exceptions->errorHandler(8, 'Undefined property: stdClass::$id_jobs', 'APPPATH\\Views\\home.php', 36, [...])
 2 SYSTEMPATH\View\View.php(213): include('APPPATH\\Views\\home.php')
 3 SYSTEMPATH\View\View.php(216): CodeIgniter\View\View->CodeIgniter\View\{closure}()
 4 SYSTEMPATH\Common.php(1137): CodeIgniter\View\View->render('home', [], true)
 5 APPPATH\Controllers\Main.php(40): view('home', [...])
 6 SYSTEMPATH\CodeIgniter.php(898): App\Controllers\Main->novoCliente()
 7 SYSTEMPATH\CodeIgniter.php(457): CodeIgniter\CodeIgniter->runController(Object(App\Controllers\Main))
 8 SYSTEMPATH\CodeIgniter.php(340): CodeIgniter\CodeIgniter->handleRequest(null, Object(Config\Cache), false)
 9 FCPATH\index.php(67): CodeIgniter\CodeIgniter->run()
CRITICAL - 2023-09-11 09:26:03 --> Undefined offset: 0
in APPPATH\Controllers\Main.php on line 138.
 1 APPPATH\Controllers\Main.php(138): CodeIgniter\Debug\Exceptions->errorHandler(8, 'Undefined offset: 0', 'APPPATH\\Controllers\\Main.php', 138, [...])
 2 SYSTEMPATH\CodeIgniter.php(898): App\Controllers\Main->deleteJob('2')
 3 SYSTEMPATH\CodeIgniter.php(457): CodeIgniter\CodeIgniter->runController(Object(App\Controllers\Main))
 4 SYSTEMPATH\CodeIgniter.php(340): CodeIgniter\CodeIgniter->handleRequest(null, Object(Config\Cache), false)
 5 FCPATH\index.php(67): CodeIgniter\CodeIgniter->run()
CRITICAL - 2023-09-11 09:26:05 --> Undefined offset: 0
in APPPATH\Controllers\Main.php on line 138.
 1 APPPATH\Controllers\Main.php(138): CodeIgniter\Debug\Exceptions->errorHandler(8, 'Undefined offset: 0', 'APPPATH\\Controllers\\Main.php', 138, [...])
 2 SYSTEMPATH\CodeIgniter.php(898): App\Controllers\Main->deleteJob('1')
 3 SYSTEMPATH\CodeIgniter.php(457): CodeIgniter\CodeIgniter->runController(Object(App\Controllers\Main))
 4 SYSTEMPATH\CodeIgniter.php(340): CodeIgniter\CodeIgniter->handleRequest(null, Object(Config\Cache), false)
 5 FCPATH\index.php(67): CodeIgniter\CodeIgniter->run()
CRITICAL - 2023-09-11 11:45:07 --> Undefined offset: 0
in APPPATH\Controllers\Main.php on line 138.
 1 APPPATH\Controllers\Main.php(138): CodeIgniter\Debug\Exceptions->errorHandler(8, 'Undefined offset: 0', 'APPPATH\\Controllers\\Main.php', 138, [...])
 2 SYSTEMPATH\CodeIgniter.php(898): App\Controllers\Main->deleteJob('4')
 3 SYSTEMPATH\CodeIgniter.php(457): CodeIgniter\CodeIgniter->runController(Object(App\Controllers\Main))
 4 SYSTEMPATH\CodeIgniter.php(340): CodeIgniter\CodeIgniter->handleRequest(null, Object(Config\Cache), false)
 5 FCPATH\index.php(67): CodeIgniter\CodeIgniter->run()
CRITICAL - 2023-09-11 11:56:55 --> Undefined offset: 0
in APPPATH\Controllers\Main.php on line 138.
 1 APPPATH\Controllers\Main.php(138): CodeIgniter\Debug\Exceptions->errorHandler(8, 'Undefined offset: 0', 'APPPATH\\Controllers\\Main.php', 138, [...])
 2 SYSTEMPATH\CodeIgniter.php(898): App\Controllers\Main->deleteJob('7')
 3 SYSTEMPATH\CodeIgniter.php(457): CodeIgniter\CodeIgniter->runController(Object(App\Controllers\Main))
 4 SYSTEMPATH\CodeIgniter.php(340): CodeIgniter\CodeIgniter->handleRequest(null, Object(Config\Cache), false)
 5 FCPATH\index.php(67): CodeIgniter\CodeIgniter->run()
ERROR - 2023-09-11 11:57:37 --> mysqli_sql_exception: Cannot add or update a child row: a foreign key constraint fails (`todo_list`.`jobs`, CONSTRAINT `FK_jobs_clientes` FOREIGN KEY (`clientes_id`) REFERENCES `clientes` (`id`)) in C:\xampp\htdocs\projetos_clara\todolist\system\Database\MySQLi\Connection.php:292
Stack trace:
#0 C:\xampp\htdocs\projetos_clara\todolist\system\Database\MySQLi\Connection.php(292): mysqli->query('INSERT INTO job...', 0)
#1 C:\xampp\htdocs\projetos_clara\todolist\system\Database\BaseConnection.php(693): CodeIgniter\Database\MySQLi\Connection->execute('INSERT INTO job...')
#2 C:\xampp\htdocs\projetos_clara\todolist\system\Database\BaseConnection.php(620): CodeIgniter\Database\BaseConnection->simpleQuery('INSERT INTO job...')
#3 C:\xampp\htdocs\projetos_clara\todolist\app\Controllers\Main.php(62): CodeIgniter\Database\BaseConnection->query('INSERT INTO job...', Array)
#4 C:\xampp\htdocs\projetos_clara\todolist\system\CodeIgniter.php(898): App\Controllers\Main->newJobSubmition()
#5 C:\xampp\htdocs\projetos_clara\todolist\system\CodeIgniter.php(457): CodeIgniter\CodeIgniter->runController(Object(App\Controllers\Main))
#6 C:\xampp\htdocs\projetos_clara\todolist\system\CodeIgniter.php(340): CodeIgniter\CodeIgniter->handleRequest(NULL, Object(Config\Cache), false)
#7 C:\xampp\htdocs\projetos_clara\todolist\public\index.php(67): CodeIgniter\CodeIgniter->run()
#8 {main}
CRITICAL - 2023-09-11 11:57:37 --> Cannot add or update a child row: a foreign key constraint fails (`todo_list`.`jobs`, CONSTRAINT `FK_jobs_clientes` FOREIGN KEY (`clientes_id`) REFERENCES `clientes` (`id`))
in SYSTEMPATH\Database\MySQLi\Connection.php on line 292.
 1 SYSTEMPATH\Database\MySQLi\Connection.php(292): mysqli->query('INSERT INTO jobs(jobs, datetime_created) VALUES(\'tomar café\', NOW())', 0)
 2 SYSTEMPATH\Database\BaseConnection.php(693): CodeIgniter\Database\MySQLi\Connection->execute('INSERT INTO jobs(jobs, datetime_created) VALUES(\'tomar café\', NOW())')
 3 SYSTEMPATH\Database\BaseConnection.php(620): CodeIgniter\Database\BaseConnection->simpleQuery('INSERT INTO jobs(jobs, datetime_created) VALUES(\'tomar café\', NOW())')
 4 APPPATH\Controllers\Main.php(62): CodeIgniter\Database\BaseConnection->query('INSERT INTO jobs(jobs, datetime_created) VALUES(:jobs:, NOW())', [...])
 5 SYSTEMPATH\CodeIgniter.php(898): App\Controllers\Main->newJobSubmition()
 6 SYSTEMPATH\CodeIgniter.php(457): CodeIgniter\CodeIgniter->runController(Object(App\Controllers\Main))
 7 SYSTEMPATH\CodeIgniter.php(340): CodeIgniter\CodeIgniter->handleRequest(null, Object(Config\Cache), false)
 8 FCPATH\index.php(67): CodeIgniter\CodeIgniter->run()
ERROR - 2023-09-11 11:59:29 --> mysqli_sql_exception: Cannot add or update a child row: a foreign key constraint fails (`todo_list`.`jobs`, CONSTRAINT `FK_jobs_clientes` FOREIGN KEY (`clientes_id`) REFERENCES `clientes` (`id`)) in C:\xampp\htdocs\projetos_clara\todolist\system\Database\MySQLi\Connection.php:292
Stack trace:
#0 C:\xampp\htdocs\projetos_clara\todolist\system\Database\MySQLi\Connection.php(292): mysqli->query('INSERT INTO job...', 0)
#1 C:\xampp\htdocs\projetos_clara\todolist\system\Database\BaseConnection.php(693): CodeIgniter\Database\MySQLi\Connection->execute('INSERT INTO job...')
#2 C:\xampp\htdocs\projetos_clara\todolist\system\Database\BaseConnection.php(620): CodeIgniter\Database\BaseConnection->simpleQuery('INSERT INTO job...')
#3 C:\xampp\htdocs\projetos_clara\todolist\app\Controllers\Main.php(62): CodeIgniter\Database\BaseConnection->query('INSERT INTO job...', Array)
#4 C:\xampp\htdocs\projetos_clara\todolist\system\CodeIgniter.php(898): App\Controllers\Main->newJobSubmition()
#5 C:\xampp\htdocs\projetos_clara\todolist\system\CodeIgniter.php(457): CodeIgniter\CodeIgniter->runController(Object(App\Controllers\Main))
#6 C:\xampp\htdocs\projetos_clara\todolist\system\CodeIgniter.php(340): CodeIgniter\CodeIgniter->handleRequest(NULL, Object(Config\Cache), false)
#7 C:\xampp\htdocs\projetos_clara\todolist\public\index.php(67): CodeIgniter\CodeIgniter->run()
#8 {main}
CRITICAL - 2023-09-11 11:59:29 --> Cannot add or update a child row: a foreign key constraint fails (`todo_list`.`jobs`, CONSTRAINT `FK_jobs_clientes` FOREIGN KEY (`clientes_id`) REFERENCES `clientes` (`id`))
in SYSTEMPATH\Database\MySQLi\Connection.php on line 292.
 1 SYSTEMPATH\Database\MySQLi\Connection.php(292): mysqli->query('INSERT INTO jobs(jobs, datetime_created) VALUES(\'tomar café\', NOW())', 0)
 2 SYSTEMPATH\Database\BaseConnection.php(693): CodeIgniter\Database\MySQLi\Connection->execute('INSERT INTO jobs(jobs, datetime_created) VALUES(\'tomar café\', NOW())')
 3 SYSTEMPATH\Database\BaseConnection.php(620): CodeIgniter\Database\BaseConnection->simpleQuery('INSERT INTO jobs(jobs, datetime_created) VALUES(\'tomar café\', NOW())')
 4 APPPATH\Controllers\Main.php(62): CodeIgniter\Database\BaseConnection->query('INSERT INTO jobs(jobs, datetime_created) VALUES(:jobs:, NOW())', [...])
 5 SYSTEMPATH\CodeIgniter.php(898): App\Controllers\Main->newJobSubmition()
 6 SYSTEMPATH\CodeIgniter.php(457): CodeIgniter\CodeIgniter->runController(Object(App\Controllers\Main))
 7 SYSTEMPATH\CodeIgniter.php(340): CodeIgniter\CodeIgniter->handleRequest(null, Object(Config\Cache), false)
 8 FCPATH\index.php(67): CodeIgniter\CodeIgniter->run()
ERROR - 2023-09-11 12:04:25 --> mysqli_sql_exception: Unknown column 'jobs' in 'field list' in C:\xampp\htdocs\projetos_clara\todolist\system\Database\MySQLi\Connection.php:292
Stack trace:
#0 C:\xampp\htdocs\projetos_clara\todolist\system\Database\MySQLi\Connection.php(292): mysqli->query('INSERT INTO job...', 0)
#1 C:\xampp\htdocs\projetos_clara\todolist\system\Database\BaseConnection.php(693): CodeIgniter\Database\MySQLi\Connection->execute('INSERT INTO job...')
#2 C:\xampp\htdocs\projetos_clara\todolist\system\Database\BaseConnection.php(620): CodeIgniter\Database\BaseConnection->simpleQuery('INSERT INTO job...')
#3 C:\xampp\htdocs\projetos_clara\todolist\app\Controllers\Main.php(62): CodeIgniter\Database\BaseConnection->query('INSERT INTO job...', Array)
#4 C:\xampp\htdocs\projetos_clara\todolist\system\CodeIgniter.php(898): App\Controllers\Main->newJobSubmition()
#5 C:\xampp\htdocs\projetos_clara\todolist\system\CodeIgniter.php(457): CodeIgniter\CodeIgniter->runController(Object(App\Controllers\Main))
#6 C:\xampp\htdocs\projetos_clara\todolist\system\CodeIgniter.php(340): CodeIgniter\CodeIgniter->handleRequest(NULL, Object(Config\Cache), false)
#7 C:\xampp\htdocs\projetos_clara\todolist\public\index.php(67): CodeIgniter\CodeIgniter->run()
#8 {main}
CRITICAL - 2023-09-11 12:04:25 --> Unknown column 'jobs' in 'field list'
in SYSTEMPATH\Database\MySQLi\Connection.php on line 292.
 1 SYSTEMPATH\Database\MySQLi\Connection.php(292): mysqli->query('INSERT INTO jobs(jobs, datetime_created) VALUES(\'estudar\', NOW())', 0)
 2 SYSTEMPATH\Database\BaseConnection.php(693): CodeIgniter\Database\MySQLi\Connection->execute('INSERT INTO jobs(jobs, datetime_created) VALUES(\'estudar\', NOW())')
 3 SYSTEMPATH\Database\BaseConnection.php(620): CodeIgniter\Database\BaseConnection->simpleQuery('INSERT INTO jobs(jobs, datetime_created) VALUES(\'estudar\', NOW())')
 4 APPPATH\Controllers\Main.php(62): CodeIgniter\Database\BaseConnection->query('INSERT INTO jobs(jobs, datetime_created) VALUES(:jobs:, NOW())', [...])
 5 SYSTEMPATH\CodeIgniter.php(898): App\Controllers\Main->newJobSubmition()
 6 SYSTEMPATH\CodeIgniter.php(457): CodeIgniter\CodeIgniter->runController(Object(App\Controllers\Main))
 7 SYSTEMPATH\CodeIgniter.php(340): CodeIgniter\CodeIgniter->handleRequest(null, Object(Config\Cache), false)
 8 FCPATH\index.php(67): CodeIgniter\CodeIgniter->run()
ERROR - 2023-09-11 12:04:39 --> mysqli_sql_exception: Unknown column 'jobs' in 'field list' in C:\xampp\htdocs\projetos_clara\todolist\system\Database\MySQLi\Connection.php:292
Stack trace:
#0 C:\xampp\htdocs\projetos_clara\todolist\system\Database\MySQLi\Connection.php(292): mysqli->query('INSERT INTO job...', 0)
#1 C:\xampp\htdocs\projetos_clara\todolist\system\Database\BaseConnection.php(693): CodeIgniter\Database\MySQLi\Connection->execute('INSERT INTO job...')
#2 C:\xampp\htdocs\projetos_clara\todolist\system\Database\BaseConnection.php(620): CodeIgniter\Database\BaseConnection->simpleQuery('INSERT INTO job...')
#3 C:\xampp\htdocs\projetos_clara\todolist\app\Controllers\Main.php(62): CodeIgniter\Database\BaseConnection->query('INSERT INTO job...', Array)
#4 C:\xampp\htdocs\projetos_clara\todolist\system\CodeIgniter.php(898): App\Controllers\Main->newJobSubmition()
#5 C:\xampp\htdocs\projetos_clara\todolist\system\CodeIgniter.php(457): CodeIgniter\CodeIgniter->runController(Object(App\Controllers\Main))
#6 C:\xampp\htdocs\projetos_clara\todolist\system\CodeIgniter.php(340): CodeIgniter\CodeIgniter->handleRequest(NULL, Object(Config\Cache), false)
#7 C:\xampp\htdocs\projetos_clara\todolist\public\index.php(67): CodeIgniter\CodeIgniter->run()
#8 {main}
CRITICAL - 2023-09-11 12:04:39 --> Unknown column 'jobs' in 'field list'
in SYSTEMPATH\Database\MySQLi\Connection.php on line 292.
 1 SYSTEMPATH\Database\MySQLi\Connection.php(292): mysqli->query('INSERT INTO jobs(jobs, datetime_created) VALUES(\'estudar\', NOW())', 0)
 2 SYSTEMPATH\Database\BaseConnection.php(693): CodeIgniter\Database\MySQLi\Connection->execute('INSERT INTO jobs(jobs, datetime_created) VALUES(\'estudar\', NOW())')
 3 SYSTEMPATH\Database\BaseConnection.php(620): CodeIgniter\Database\BaseConnection->simpleQuery('INSERT INTO jobs(jobs, datetime_created) VALUES(\'estudar\', NOW())')
 4 APPPATH\Controllers\Main.php(62): CodeIgniter\Database\BaseConnection->query('INSERT INTO jobs(jobs, datetime_created) VALUES(:jobs:, NOW())', [...])
 5 SYSTEMPATH\CodeIgniter.php(898): App\Controllers\Main->newJobSubmition()
 6 SYSTEMPATH\CodeIgniter.php(457): CodeIgniter\CodeIgniter->runController(Object(App\Controllers\Main))
 7 SYSTEMPATH\CodeIgniter.php(340): CodeIgniter\CodeIgniter->handleRequest(null, Object(Config\Cache), false)
 8 FCPATH\index.php(67): CodeIgniter\CodeIgniter->run()
ERROR - 2023-09-11 12:04:42 --> mysqli_sql_exception: Unknown column 'jobs' in 'field list' in C:\xampp\htdocs\projetos_clara\todolist\system\Database\MySQLi\Connection.php:292
Stack trace:
#0 C:\xampp\htdocs\projetos_clara\todolist\system\Database\MySQLi\Connection.php(292): mysqli->query('INSERT INTO job...', 0)
#1 C:\xampp\htdocs\projetos_clara\todolist\system\Database\BaseConnection.php(693): CodeIgniter\Database\MySQLi\Connection->execute('INSERT INTO job...')
#2 C:\xampp\htdocs\projetos_clara\todolist\system\Database\BaseConnection.php(620): CodeIgniter\Database\BaseConnection->simpleQuery('INSERT INTO job...')
#3 C:\xampp\htdocs\projetos_clara\todolist\app\Controllers\Main.php(62): CodeIgniter\Database\BaseConnection->query('INSERT INTO job...', Array)
#4 C:\xampp\htdocs\projetos_clara\todolist\system\CodeIgniter.php(898): App\Controllers\Main->newJobSubmition()
#5 C:\xampp\htdocs\projetos_clara\todolist\system\CodeIgniter.php(457): CodeIgniter\CodeIgniter->runController(Object(App\Controllers\Main))
#6 C:\xampp\htdocs\projetos_clara\todolist\system\CodeIgniter.php(340): CodeIgniter\CodeIgniter->handleRequest(NULL, Object(Config\Cache), false)
#7 C:\xampp\htdocs\projetos_clara\todolist\public\index.php(67): CodeIgniter\CodeIgniter->run()
#8 {main}
CRITICAL - 2023-09-11 12:04:42 --> Unknown column 'jobs' in 'field list'
in SYSTEMPATH\Database\MySQLi\Connection.php on line 292.
 1 SYSTEMPATH\Database\MySQLi\Connection.php(292): mysqli->query('INSERT INTO jobs(jobs, datetime_created) VALUES(\'estudar\', NOW())', 0)
 2 SYSTEMPATH\Database\BaseConnection.php(693): CodeIgniter\Database\MySQLi\Connection->execute('INSERT INTO jobs(jobs, datetime_created) VALUES(\'estudar\', NOW())')
 3 SYSTEMPATH\Database\BaseConnection.php(620): CodeIgniter\Database\BaseConnection->simpleQuery('INSERT INTO jobs(jobs, datetime_created) VALUES(\'estudar\', NOW())')
 4 APPPATH\Controllers\Main.php(62): CodeIgniter\Database\BaseConnection->query('INSERT INTO jobs(jobs, datetime_created) VALUES(:jobs:, NOW())', [...])
 5 SYSTEMPATH\CodeIgniter.php(898): App\Controllers\Main->newJobSubmition()
 6 SYSTEMPATH\CodeIgniter.php(457): CodeIgniter\CodeIgniter->runController(Object(App\Controllers\Main))
 7 SYSTEMPATH\CodeIgniter.php(340): CodeIgniter\CodeIgniter->handleRequest(null, Object(Config\Cache), false)
 8 FCPATH\index.php(67): CodeIgniter\CodeIgniter->run()
ERROR - 2023-09-11 12:04:45 --> mysqli_sql_exception: Unknown column 'jobs' in 'field list' in C:\xampp\htdocs\projetos_clara\todolist\system\Database\MySQLi\Connection.php:292
Stack trace:
#0 C:\xampp\htdocs\projetos_clara\todolist\system\Database\MySQLi\Connection.php(292): mysqli->query('INSERT INTO job...', 0)
#1 C:\xampp\htdocs\projetos_clara\todolist\system\Database\BaseConnection.php(693): CodeIgniter\Database\MySQLi\Connection->execute('INSERT INTO job...')
#2 C:\xampp\htdocs\projetos_clara\todolist\system\Database\BaseConnection.php(620): CodeIgniter\Database\BaseConnection->simpleQuery('INSERT INTO job...')
#3 C:\xampp\htdocs\projetos_clara\todolist\app\Controllers\Main.php(62): CodeIgniter\Database\BaseConnection->query('INSERT INTO job...', Array)
#4 C:\xampp\htdocs\projetos_clara\todolist\system\CodeIgniter.php(898): App\Controllers\Main->newJobSubmition()
#5 C:\xampp\htdocs\projetos_clara\todolist\system\CodeIgniter.php(457): CodeIgniter\CodeIgniter->runController(Object(App\Controllers\Main))
#6 C:\xampp\htdocs\projetos_clara\todolist\system\CodeIgniter.php(340): CodeIgniter\CodeIgniter->handleRequest(NULL, Object(Config\Cache), false)
#7 C:\xampp\htdocs\projetos_clara\todolist\public\index.php(67): CodeIgniter\CodeIgniter->run()
#8 {main}
CRITICAL - 2023-09-11 12:04:45 --> Unknown column 'jobs' in 'field list'
in SYSTEMPATH\Database\MySQLi\Connection.php on line 292.
 1 SYSTEMPATH\Database\MySQLi\Connection.php(292): mysqli->query('INSERT INTO jobs(jobs, datetime_created) VALUES(\'estudar\', NOW())', 0)
 2 SYSTEMPATH\Database\BaseConnection.php(693): CodeIgniter\Database\MySQLi\Connection->execute('INSERT INTO jobs(jobs, datetime_created) VALUES(\'estudar\', NOW())')
 3 SYSTEMPATH\Database\BaseConnection.php(620): CodeIgniter\Database\BaseConnection->simpleQuery('INSERT INTO jobs(jobs, datetime_created) VALUES(\'estudar\', NOW())')
 4 APPPATH\Controllers\Main.php(62): CodeIgniter\Database\BaseConnection->query('INSERT INTO jobs(jobs, datetime_created) VALUES(:jobs:, NOW())', [...])
 5 SYSTEMPATH\CodeIgniter.php(898): App\Controllers\Main->newJobSubmition()
 6 SYSTEMPATH\CodeIgniter.php(457): CodeIgniter\CodeIgniter->runController(Object(App\Controllers\Main))
 7 SYSTEMPATH\CodeIgniter.php(340): CodeIgniter\CodeIgniter->handleRequest(null, Object(Config\Cache), false)
 8 FCPATH\index.php(67): CodeIgniter\CodeIgniter->run()
ERROR - 2023-09-11 12:04:57 --> mysqli_sql_exception: Cannot add or update a child row: a foreign key constraint fails (`todo_list`.`jobs`, CONSTRAINT `FK_jobs_clientes` FOREIGN KEY (`clientes_id`) REFERENCES `clientes` (`id`)) in C:\xampp\htdocs\projetos_clara\todolist\system\Database\MySQLi\Connection.php:292
Stack trace:
#0 C:\xampp\htdocs\projetos_clara\todolist\system\Database\MySQLi\Connection.php(292): mysqli->query('INSERT INTO job...', 0)
#1 C:\xampp\htdocs\projetos_clara\todolist\system\Database\BaseConnection.php(693): CodeIgniter\Database\MySQLi\Connection->execute('INSERT INTO job...')
#2 C:\xampp\htdocs\projetos_clara\todolist\system\Database\BaseConnection.php(620): CodeIgniter\Database\BaseConnection->simpleQuery('INSERT INTO job...')
#3 C:\xampp\htdocs\projetos_clara\todolist\app\Controllers\Main.php(62): CodeIgniter\Database\BaseConnection->query('INSERT INTO job...', Array)
#4 C:\xampp\htdocs\projetos_clara\todolist\system\CodeIgniter.php(898): App\Controllers\Main->newJobSubmition()
#5 C:\xampp\htdocs\projetos_clara\todolist\system\CodeIgniter.php(457): CodeIgniter\CodeIgniter->runController(Object(App\Controllers\Main))
#6 C:\xampp\htdocs\projetos_clara\todolist\system\CodeIgniter.php(340): CodeIgniter\CodeIgniter->handleRequest(NULL, Object(Config\Cache), false)
#7 C:\xampp\htdocs\projetos_clara\todolist\public\index.php(67): CodeIgniter\CodeIgniter->run()
#8 {main}
CRITICAL - 2023-09-11 12:04:57 --> Cannot add or update a child row: a foreign key constraint fails (`todo_list`.`jobs`, CONSTRAINT `FK_jobs_clientes` FOREIGN KEY (`clientes_id`) REFERENCES `clientes` (`id`))
in SYSTEMPATH\Database\MySQLi\Connection.php on line 292.
 1 SYSTEMPATH\Database\MySQLi\Connection.php(292): mysqli->query('INSERT INTO jobs(jobs, datetime_created) VALUES(\'estudar\', NOW())', 0)
 2 SYSTEMPATH\Database\BaseConnection.php(693): CodeIgniter\Database\MySQLi\Connection->execute('INSERT INTO jobs(jobs, datetime_created) VALUES(\'estudar\', NOW())')
 3 SYSTEMPATH\Database\BaseConnection.php(620): CodeIgniter\Database\BaseConnection->simpleQuery('INSERT INTO jobs(jobs, datetime_created) VALUES(\'estudar\', NOW())')
 4 APPPATH\Controllers\Main.php(62): CodeIgniter\Database\BaseConnection->query('INSERT INTO jobs(jobs, datetime_created) VALUES(:jobs:, NOW())', [...])
 5 SYSTEMPATH\CodeIgniter.php(898): App\Controllers\Main->newJobSubmition()
 6 SYSTEMPATH\CodeIgniter.php(457): CodeIgniter\CodeIgniter->runController(Object(App\Controllers\Main))
 7 SYSTEMPATH\CodeIgniter.php(340): CodeIgniter\CodeIgniter->handleRequest(null, Object(Config\Cache), false)
 8 FCPATH\index.php(67): CodeIgniter\CodeIgniter->run()
ERROR - 2023-09-11 12:38:56 --> mysqli_sql_exception: Cannot add or update a child row: a foreign key constraint fails (`todo_list`.`jobs`, CONSTRAINT `FK_jobs_clientes` FOREIGN KEY (`clientes_id`) REFERENCES `clientes` (`id`)) in C:\xampp\htdocs\projetos_clara\todolist\system\Database\MySQLi\Connection.php:292
Stack trace:
#0 C:\xampp\htdocs\projetos_clara\todolist\system\Database\MySQLi\Connection.php(292): mysqli->query('INSERT INTO job...', 0)
#1 C:\xampp\htdocs\projetos_clara\todolist\system\Database\BaseConnection.php(693): CodeIgniter\Database\MySQLi\Connection->execute('INSERT INTO job...')
#2 C:\xampp\htdocs\projetos_clara\todolist\system\Database\BaseConnection.php(620): CodeIgniter\Database\BaseConnection->simpleQuery('INSERT INTO job...')
#3 C:\xampp\htdocs\projetos_clara\todolist\app\Controllers\Main.php(62): CodeIgniter\Database\BaseConnection->query('INSERT INTO job...', Array)
#4 C:\xampp\htdocs\projetos_clara\todolist\system\CodeIgniter.php(898): App\Controllers\Main->newJobSubmition()
#5 C:\xampp\htdocs\projetos_clara\todolist\system\CodeIgniter.php(457): CodeIgniter\CodeIgniter->runController(Object(App\Controllers\Main))
#6 C:\xampp\htdocs\projetos_clara\todolist\system\CodeIgniter.php(340): CodeIgniter\CodeIgniter->handleRequest(NULL, Object(Config\Cache), false)
#7 C:\xampp\htdocs\projetos_clara\todolist\public\index.php(67): CodeIgniter\CodeIgniter->run()
#8 {main}
CRITICAL - 2023-09-11 12:38:56 --> Cannot add or update a child row: a foreign key constraint fails (`todo_list`.`jobs`, CONSTRAINT `FK_jobs_clientes` FOREIGN KEY (`clientes_id`) REFERENCES `clientes` (`id`))
in SYSTEMPATH\Database\MySQLi\Connection.php on line 292.
 1 SYSTEMPATH\Database\MySQLi\Connection.php(292): mysqli->query('INSERT INTO jobs(jobs, datetime_created) VALUES(\'tomar café\', NOW())', 0)
 2 SYSTEMPATH\Database\BaseConnection.php(693): CodeIgniter\Database\MySQLi\Connection->execute('INSERT INTO jobs(jobs, datetime_created) VALUES(\'tomar café\', NOW())')
 3 SYSTEMPATH\Database\BaseConnection.php(620): CodeIgniter\Database\BaseConnection->simpleQuery('INSERT INTO jobs(jobs, datetime_created) VALUES(\'tomar café\', NOW())')
 4 APPPATH\Controllers\Main.php(62): CodeIgniter\Database\BaseConnection->query('INSERT INTO jobs(jobs, datetime_created) VALUES(:jobs:, NOW())', [...])
 5 SYSTEMPATH\CodeIgniter.php(898): App\Controllers\Main->newJobSubmition()
 6 SYSTEMPATH\CodeIgniter.php(457): CodeIgniter\CodeIgniter->runController(Object(App\Controllers\Main))
 7 SYSTEMPATH\CodeIgniter.php(340): CodeIgniter\CodeIgniter->handleRequest(null, Object(Config\Cache), false)
 8 FCPATH\index.php(67): CodeIgniter\CodeIgniter->run()
ERROR - 2023-09-11 12:41:25 --> mysqli_sql_exception: Cannot add or update a child row: a foreign key constraint fails (`todo_list`.`jobs`, CONSTRAINT `FK_jobs_clientes` FOREIGN KEY (`clientes_id`) REFERENCES `clientes` (`id`)) in C:\xampp\htdocs\projetos_clara\todolist\system\Database\MySQLi\Connection.php:292
Stack trace:
#0 C:\xampp\htdocs\projetos_clara\todolist\system\Database\MySQLi\Connection.php(292): mysqli->query('INSERT INTO job...', 0)
#1 C:\xampp\htdocs\projetos_clara\todolist\system\Database\BaseConnection.php(693): CodeIgniter\Database\MySQLi\Connection->execute('INSERT INTO job...')
#2 C:\xampp\htdocs\projetos_clara\todolist\system\Database\BaseConnection.php(620): CodeIgniter\Database\BaseConnection->simpleQuery('INSERT INTO job...')
#3 C:\xampp\htdocs\projetos_clara\todolist\app\Controllers\Main.php(62): CodeIgniter\Database\BaseConnection->query('INSERT INTO job...', Array)
#4 C:\xampp\htdocs\projetos_clara\todolist\system\CodeIgniter.php(898): App\Controllers\Main->newJobSubmition()
#5 C:\xampp\htdocs\projetos_clara\todolist\system\CodeIgniter.php(457): CodeIgniter\CodeIgniter->runController(Object(App\Controllers\Main))
#6 C:\xampp\htdocs\projetos_clara\todolist\system\CodeIgniter.php(340): CodeIgniter\CodeIgniter->handleRequest(NULL, Object(Config\Cache), false)
#7 C:\xampp\htdocs\projetos_clara\todolist\public\index.php(67): CodeIgniter\CodeIgniter->run()
#8 {main}
CRITICAL - 2023-09-11 12:41:25 --> Cannot add or update a child row: a foreign key constraint fails (`todo_list`.`jobs`, CONSTRAINT `FK_jobs_clientes` FOREIGN KEY (`clientes_id`) REFERENCES `clientes` (`id`))
in SYSTEMPATH\Database\MySQLi\Connection.php on line 292.
 1 SYSTEMPATH\Database\MySQLi\Connection.php(292): mysqli->query('INSERT INTO jobs(jobs, datetime_created) VALUES(\'tomar café\', NOW())', 0)
 2 SYSTEMPATH\Database\BaseConnection.php(693): CodeIgniter\Database\MySQLi\Connection->execute('INSERT INTO jobs(jobs, datetime_created) VALUES(\'tomar café\', NOW())')
 3 SYSTEMPATH\Database\BaseConnection.php(620): CodeIgniter\Database\BaseConnection->simpleQuery('INSERT INTO jobs(jobs, datetime_created) VALUES(\'tomar café\', NOW())')
 4 APPPATH\Controllers\Main.php(62): CodeIgniter\Database\BaseConnection->query('INSERT INTO jobs(jobs, datetime_created) VALUES(:jobs:, NOW())', [...])
 5 SYSTEMPATH\CodeIgniter.php(898): App\Controllers\Main->newJobSubmition()
 6 SYSTEMPATH\CodeIgniter.php(457): CodeIgniter\CodeIgniter->runController(Object(App\Controllers\Main))
 7 SYSTEMPATH\CodeIgniter.php(340): CodeIgniter\CodeIgniter->handleRequest(null, Object(Config\Cache), false)
 8 FCPATH\index.php(67): CodeIgniter\CodeIgniter->run()
ERROR - 2023-09-11 12:44:47 --> mysqli_sql_exception: Cannot add or update a child row: a foreign key constraint fails (`todo_list`.`jobs`, CONSTRAINT `FK_jobs_clientes` FOREIGN KEY (`clientes_id`) REFERENCES `clientes` (`id`) ON DELETE CASCADE ON UPDATE CASCADE) in C:\xampp\htdocs\projetos_clara\todolist\system\Database\MySQLi\Connection.php:292
Stack trace:
#0 C:\xampp\htdocs\projetos_clara\todolist\system\Database\MySQLi\Connection.php(292): mysqli->query('INSERT INTO job...', 0)
#1 C:\xampp\htdocs\projetos_clara\todolist\system\Database\BaseConnection.php(693): CodeIgniter\Database\MySQLi\Connection->execute('INSERT INTO job...')
#2 C:\xampp\htdocs\projetos_clara\todolist\system\Database\BaseConnection.php(620): CodeIgniter\Database\BaseConnection->simpleQuery('INSERT INTO job...')
#3 C:\xampp\htdocs\projetos_clara\todolist\app\Controllers\Main.php(62): CodeIgniter\Database\BaseConnection->query('INSERT INTO job...', Array)
#4 C:\xampp\htdocs\projetos_clara\todolist\system\CodeIgniter.php(898): App\Controllers\Main->newJobSubmition()
#5 C:\xampp\htdocs\projetos_clara\todolist\system\CodeIgniter.php(457): CodeIgniter\CodeIgniter->runController(Object(App\Controllers\Main))
#6 C:\xampp\htdocs\projetos_clara\todolist\system\CodeIgniter.php(340): CodeIgniter\CodeIgniter->handleRequest(NULL, Object(Config\Cache), false)
#7 C:\xampp\htdocs\projetos_clara\todolist\public\index.php(67): CodeIgniter\CodeIgniter->run()
#8 {main}
CRITICAL - 2023-09-11 12:44:47 --> Cannot add or update a child row: a foreign key constraint fails (`todo_list`.`jobs`, CONSTRAINT `FK_jobs_clientes` FOREIGN KEY (`clientes_id`) REFERENCES `clientes` (`id`) ON DELETE CASCADE ON UPDATE CASCADE)
in SYSTEMPATH\Database\MySQLi\Connection.php on line 292.
 1 SYSTEMPATH\Database\MySQLi\Connection.php(292): mysqli->query('INSERT INTO jobs(jobs, datetime_created) VALUES(\'tomar café\', NOW())', 0)
 2 SYSTEMPATH\Database\BaseConnection.php(693): CodeIgniter\Database\MySQLi\Connection->execute('INSERT INTO jobs(jobs, datetime_created) VALUES(\'tomar café\', NOW())')
 3 SYSTEMPATH\Database\BaseConnection.php(620): CodeIgniter\Database\BaseConnection->simpleQuery('INSERT INTO jobs(jobs, datetime_created) VALUES(\'tomar café\', NOW())')
 4 APPPATH\Controllers\Main.php(62): CodeIgniter\Database\BaseConnection->query('INSERT INTO jobs(jobs, datetime_created) VALUES(:jobs:, NOW())', [...])
 5 SYSTEMPATH\CodeIgniter.php(898): App\Controllers\Main->newJobSubmition()
 6 SYSTEMPATH\CodeIgniter.php(457): CodeIgniter\CodeIgniter->runController(Object(App\Controllers\Main))
 7 SYSTEMPATH\CodeIgniter.php(340): CodeIgniter\CodeIgniter->handleRequest(null, Object(Config\Cache), false)
 8 FCPATH\index.php(67): CodeIgniter\CodeIgniter->run()
ERROR - 2023-09-11 12:45:10 --> mysqli_sql_exception: Cannot add or update a child row: a foreign key constraint fails (`todo_list`.`jobs`, CONSTRAINT `FK_jobs_clientes` FOREIGN KEY (`clientes_id`) REFERENCES `clientes` (`id`) ON DELETE CASCADE ON UPDATE CASCADE) in C:\xampp\htdocs\projetos_clara\todolist\system\Database\MySQLi\Connection.php:292
Stack trace:
#0 C:\xampp\htdocs\projetos_clara\todolist\system\Database\MySQLi\Connection.php(292): mysqli->query('INSERT INTO job...', 0)
#1 C:\xampp\htdocs\projetos_clara\todolist\system\Database\BaseConnection.php(693): CodeIgniter\Database\MySQLi\Connection->execute('INSERT INTO job...')
#2 C:\xampp\htdocs\projetos_clara\todolist\system\Database\BaseConnection.php(620): CodeIgniter\Database\BaseConnection->simpleQuery('INSERT INTO job...')
#3 C:\xampp\htdocs\projetos_clara\todolist\app\Controllers\Main.php(62): CodeIgniter\Database\BaseConnection->query('INSERT INTO job...', Array)
#4 C:\xampp\htdocs\projetos_clara\todolist\system\CodeIgniter.php(898): App\Controllers\Main->newJobSubmition()
#5 C:\xampp\htdocs\projetos_clara\todolist\system\CodeIgniter.php(457): CodeIgniter\CodeIgniter->runController(Object(App\Controllers\Main))
#6 C:\xampp\htdocs\projetos_clara\todolist\system\CodeIgniter.php(340): CodeIgniter\CodeIgniter->handleRequest(NULL, Object(Config\Cache), false)
#7 C:\xampp\htdocs\projetos_clara\todolist\public\index.php(67): CodeIgniter\CodeIgniter->run()
#8 {main}
CRITICAL - 2023-09-11 12:45:10 --> Cannot add or update a child row: a foreign key constraint fails (`todo_list`.`jobs`, CONSTRAINT `FK_jobs_clientes` FOREIGN KEY (`clientes_id`) REFERENCES `clientes` (`id`) ON DELETE CASCADE ON UPDATE CASCADE)
in SYSTEMPATH\Database\MySQLi\Connection.php on line 292.
 1 SYSTEMPATH\Database\MySQLi\Connection.php(292): mysqli->query('INSERT INTO jobs(jobs, datetime_created) VALUES(\'tomar café\', NOW())', 0)
 2 SYSTEMPATH\Database\BaseConnection.php(693): CodeIgniter\Database\MySQLi\Connection->execute('INSERT INTO jobs(jobs, datetime_created) VALUES(\'tomar café\', NOW())')
 3 SYSTEMPATH\Database\BaseConnection.php(620): CodeIgniter\Database\BaseConnection->simpleQuery('INSERT INTO jobs(jobs, datetime_created) VALUES(\'tomar café\', NOW())')
 4 APPPATH\Controllers\Main.php(62): CodeIgniter\Database\BaseConnection->query('INSERT INTO jobs(jobs, datetime_created) VALUES(:jobs:, NOW())', [...])
 5 SYSTEMPATH\CodeIgniter.php(898): App\Controllers\Main->newJobSubmition()
 6 SYSTEMPATH\CodeIgniter.php(457): CodeIgniter\CodeIgniter->runController(Object(App\Controllers\Main))
 7 SYSTEMPATH\CodeIgniter.php(340): CodeIgniter\CodeIgniter->handleRequest(null, Object(Config\Cache), false)
 8 FCPATH\index.php(67): CodeIgniter\CodeIgniter->run()
ERROR - 2023-09-11 12:45:14 --> mysqli_sql_exception: Cannot add or update a child row: a foreign key constraint fails (`todo_list`.`jobs`, CONSTRAINT `FK_jobs_clientes` FOREIGN KEY (`clientes_id`) REFERENCES `clientes` (`id`) ON DELETE CASCADE ON UPDATE CASCADE) in C:\xampp\htdocs\projetos_clara\todolist\system\Database\MySQLi\Connection.php:292
Stack trace:
#0 C:\xampp\htdocs\projetos_clara\todolist\system\Database\MySQLi\Connection.php(292): mysqli->query('INSERT INTO job...', 0)
#1 C:\xampp\htdocs\projetos_clara\todolist\system\Database\BaseConnection.php(693): CodeIgniter\Database\MySQLi\Connection->execute('INSERT INTO job...')
#2 C:\xampp\htdocs\projetos_clara\todolist\system\Database\BaseConnection.php(620): CodeIgniter\Database\BaseConnection->simpleQuery('INSERT INTO job...')
#3 C:\xampp\htdocs\projetos_clara\todolist\app\Controllers\Main.php(62): CodeIgniter\Database\BaseConnection->query('INSERT INTO job...', Array)
#4 C:\xampp\htdocs\projetos_clara\todolist\system\CodeIgniter.php(898): App\Controllers\Main->newJobSubmition()
#5 C:\xampp\htdocs\projetos_clara\todolist\system\CodeIgniter.php(457): CodeIgniter\CodeIgniter->runController(Object(App\Controllers\Main))
#6 C:\xampp\htdocs\projetos_clara\todolist\system\CodeIgniter.php(340): CodeIgniter\CodeIgniter->handleRequest(NULL, Object(Config\Cache), false)
#7 C:\xampp\htdocs\projetos_clara\todolist\public\index.php(67): CodeIgniter\CodeIgniter->run()
#8 {main}
CRITICAL - 2023-09-11 12:45:14 --> Cannot add or update a child row: a foreign key constraint fails (`todo_list`.`jobs`, CONSTRAINT `FK_jobs_clientes` FOREIGN KEY (`clientes_id`) REFERENCES `clientes` (`id`) ON DELETE CASCADE ON UPDATE CASCADE)
in SYSTEMPATH\Database\MySQLi\Connection.php on line 292.
 1 SYSTEMPATH\Database\MySQLi\Connection.php(292): mysqli->query('INSERT INTO jobs(jobs, datetime_created) VALUES(\'tomar café\', NOW())', 0)
 2 SYSTEMPATH\Database\BaseConnection.php(693): CodeIgniter\Database\MySQLi\Connection->execute('INSERT INTO jobs(jobs, datetime_created) VALUES(\'tomar café\', NOW())')
 3 SYSTEMPATH\Database\BaseConnection.php(620): CodeIgniter\Database\BaseConnection->simpleQuery('INSERT INTO jobs(jobs, datetime_created) VALUES(\'tomar café\', NOW())')
 4 APPPATH\Controllers\Main.php(62): CodeIgniter\Database\BaseConnection->query('INSERT INTO jobs(jobs, datetime_created) VALUES(:jobs:, NOW())', [...])
 5 SYSTEMPATH\CodeIgniter.php(898): App\Controllers\Main->newJobSubmition()
 6 SYSTEMPATH\CodeIgniter.php(457): CodeIgniter\CodeIgniter->runController(Object(App\Controllers\Main))
 7 SYSTEMPATH\CodeIgniter.php(340): CodeIgniter\CodeIgniter->handleRequest(null, Object(Config\Cache), false)
 8 FCPATH\index.php(67): CodeIgniter\CodeIgniter->run()
ERROR - 2023-09-11 12:45:20 --> mysqli_sql_exception: Cannot add or update a child row: a foreign key constraint fails (`todo_list`.`jobs`, CONSTRAINT `FK_jobs_clientes` FOREIGN KEY (`clientes_id`) REFERENCES `clientes` (`id`)) in C:\xampp\htdocs\projetos_clara\todolist\system\Database\MySQLi\Connection.php:292
Stack trace:
#0 C:\xampp\htdocs\projetos_clara\todolist\system\Database\MySQLi\Connection.php(292): mysqli->query('INSERT INTO job...', 0)
#1 C:\xampp\htdocs\projetos_clara\todolist\system\Database\BaseConnection.php(693): CodeIgniter\Database\MySQLi\Connection->execute('INSERT INTO job...')
#2 C:\xampp\htdocs\projetos_clara\todolist\system\Database\BaseConnection.php(620): CodeIgniter\Database\BaseConnection->simpleQuery('INSERT INTO job...')
#3 C:\xampp\htdocs\projetos_clara\todolist\app\Controllers\Main.php(62): CodeIgniter\Database\BaseConnection->query('INSERT INTO job...', Array)
#4 C:\xampp\htdocs\projetos_clara\todolist\system\CodeIgniter.php(898): App\Controllers\Main->newJobSubmition()
#5 C:\xampp\htdocs\projetos_clara\todolist\system\CodeIgniter.php(457): CodeIgniter\CodeIgniter->runController(Object(App\Controllers\Main))
#6 C:\xampp\htdocs\projetos_clara\todolist\system\CodeIgniter.php(340): CodeIgniter\CodeIgniter->handleRequest(NULL, Object(Config\Cache), false)
#7 C:\xampp\htdocs\projetos_clara\todolist\public\index.php(67): CodeIgniter\CodeIgniter->run()
#8 {main}
CRITICAL - 2023-09-11 12:45:20 --> Cannot add or update a child row: a foreign key constraint fails (`todo_list`.`jobs`, CONSTRAINT `FK_jobs_clientes` FOREIGN KEY (`clientes_id`) REFERENCES `clientes` (`id`))
in SYSTEMPATH\Database\MySQLi\Connection.php on line 292.
 1 SYSTEMPATH\Database\MySQLi\Connection.php(292): mysqli->query('INSERT INTO jobs(jobs, datetime_created) VALUES(\'tomar café\', NOW())', 0)
 2 SYSTEMPATH\Database\BaseConnection.php(693): CodeIgniter\Database\MySQLi\Connection->execute('INSERT INTO jobs(jobs, datetime_created) VALUES(\'tomar café\', NOW())')
 3 SYSTEMPATH\Database\BaseConnection.php(620): CodeIgniter\Database\BaseConnection->simpleQuery('INSERT INTO jobs(jobs, datetime_created) VALUES(\'tomar café\', NOW())')
 4 APPPATH\Controllers\Main.php(62): CodeIgniter\Database\BaseConnection->query('INSERT INTO jobs(jobs, datetime_created) VALUES(:jobs:, NOW())', [...])
 5 SYSTEMPATH\CodeIgniter.php(898): App\Controllers\Main->newJobSubmition()
 6 SYSTEMPATH\CodeIgniter.php(457): CodeIgniter\CodeIgniter->runController(Object(App\Controllers\Main))
 7 SYSTEMPATH\CodeIgniter.php(340): CodeIgniter\CodeIgniter->handleRequest(null, Object(Config\Cache), false)
 8 FCPATH\index.php(67): CodeIgniter\CodeIgniter->run()
ERROR - 2023-09-11 13:25:18 --> mysqli_sql_exception: Cannot add or update a child row: a foreign key constraint fails (`todo_list`.`jobs`, CONSTRAINT `FK_jobs_clientes` FOREIGN KEY (`clientes_id`) REFERENCES `clientes` (`id`)) in C:\xampp\htdocs\projetos_clara\todolist\system\Database\MySQLi\Connection.php:292
Stack trace:
#0 C:\xampp\htdocs\projetos_clara\todolist\system\Database\MySQLi\Connection.php(292): mysqli->query('INSERT INTO job...', 0)
#1 C:\xampp\htdocs\projetos_clara\todolist\system\Database\BaseConnection.php(693): CodeIgniter\Database\MySQLi\Connection->execute('INSERT INTO job...')
#2 C:\xampp\htdocs\projetos_clara\todolist\system\Database\BaseConnection.php(620): CodeIgniter\Database\BaseConnection->simpleQuery('INSERT INTO job...')
#3 C:\xampp\htdocs\projetos_clara\todolist\app\Controllers\Main.php(62): CodeIgniter\Database\BaseConnection->query('INSERT INTO job...', Array)
#4 C:\xampp\htdocs\projetos_clara\todolist\system\CodeIgniter.php(898): App\Controllers\Main->newJobSubmition()
#5 C:\xampp\htdocs\projetos_clara\todolist\system\CodeIgniter.php(457): CodeIgniter\CodeIgniter->runController(Object(App\Controllers\Main))
#6 C:\xampp\htdocs\projetos_clara\todolist\system\CodeIgniter.php(340): CodeIgniter\CodeIgniter->handleRequest(NULL, Object(Config\Cache), false)
#7 C:\xampp\htdocs\projetos_clara\todolist\public\index.php(67): CodeIgniter\CodeIgniter->run()
#8 {main}
CRITICAL - 2023-09-11 13:25:18 --> Cannot add or update a child row: a foreign key constraint fails (`todo_list`.`jobs`, CONSTRAINT `FK_jobs_clientes` FOREIGN KEY (`clientes_id`) REFERENCES `clientes` (`id`))
in SYSTEMPATH\Database\MySQLi\Connection.php on line 292.
 1 SYSTEMPATH\Database\MySQLi\Connection.php(292): mysqli->query('INSERT INTO jobs(jobs, datetime_created) VALUES(\'tomar café\', NOW())', 0)
 2 SYSTEMPATH\Database\BaseConnection.php(693): CodeIgniter\Database\MySQLi\Connection->execute('INSERT INTO jobs(jobs, datetime_created) VALUES(\'tomar café\', NOW())')
 3 SYSTEMPATH\Database\BaseConnection.php(620): CodeIgniter\Database\BaseConnection->simpleQuery('INSERT INTO jobs(jobs, datetime_created) VALUES(\'tomar café\', NOW())')
 4 APPPATH\Controllers\Main.php(62): CodeIgniter\Database\BaseConnection->query('INSERT INTO jobs(jobs, datetime_created) VALUES(:jobs:, NOW())', [...])
 5 SYSTEMPATH\CodeIgniter.php(898): App\Controllers\Main->newJobSubmition()
 6 SYSTEMPATH\CodeIgniter.php(457): CodeIgniter\CodeIgniter->runController(Object(App\Controllers\Main))
 7 SYSTEMPATH\CodeIgniter.php(340): CodeIgniter\CodeIgniter->handleRequest(null, Object(Config\Cache), false)
 8 FCPATH\index.php(67): CodeIgniter\CodeIgniter->run()
ERROR - 2023-09-11 13:38:45 --> mysqli_sql_exception: Cannot add or update a child row: a foreign key constraint fails (`todo_list`.`jobs`, CONSTRAINT `FK_jobs_clientes` FOREIGN KEY (`clientes_id`) REFERENCES `clientes` (`id`)) in C:\xampp\htdocs\projetos_clara\todolist\system\Database\MySQLi\Connection.php:292
Stack trace:
#0 C:\xampp\htdocs\projetos_clara\todolist\system\Database\MySQLi\Connection.php(292): mysqli->query('INSERT INTO job...', 0)
#1 C:\xampp\htdocs\projetos_clara\todolist\system\Database\BaseConnection.php(693): CodeIgniter\Database\MySQLi\Connection->execute('INSERT INTO job...')
#2 C:\xampp\htdocs\projetos_clara\todolist\system\Database\BaseConnection.php(620): CodeIgniter\Database\BaseConnection->simpleQuery('INSERT INTO job...')
#3 C:\xampp\htdocs\projetos_clara\todolist\app\Controllers\Main.php(62): CodeIgniter\Database\BaseConnection->query('INSERT INTO job...', Array)
#4 C:\xampp\htdocs\projetos_clara\todolist\system\CodeIgniter.php(898): App\Controllers\Main->newJobSubmition()
#5 C:\xampp\htdocs\projetos_clara\todolist\system\CodeIgniter.php(457): CodeIgniter\CodeIgniter->runController(Object(App\Controllers\Main))
#6 C:\xampp\htdocs\projetos_clara\todolist\system\CodeIgniter.php(340): CodeIgniter\CodeIgniter->handleRequest(NULL, Object(Config\Cache), false)
#7 C:\xampp\htdocs\projetos_clara\todolist\public\index.php(67): CodeIgniter\CodeIgniter->run()
#8 {main}
CRITICAL - 2023-09-11 13:38:45 --> Cannot add or update a child row: a foreign key constraint fails (`todo_list`.`jobs`, CONSTRAINT `FK_jobs_clientes` FOREIGN KEY (`clientes_id`) REFERENCES `clientes` (`id`))
in SYSTEMPATH\Database\MySQLi\Connection.php on line 292.
 1 SYSTEMPATH\Database\MySQLi\Connection.php(292): mysqli->query('INSERT INTO jobs(jobs, datetime_created) VALUES(\'tomar café\', NOW())', 0)
 2 SYSTEMPATH\Database\BaseConnection.php(693): CodeIgniter\Database\MySQLi\Connection->execute('INSERT INTO jobs(jobs, datetime_created) VALUES(\'tomar café\', NOW())')
 3 SYSTEMPATH\Database\BaseConnection.php(620): CodeIgniter\Database\BaseConnection->simpleQuery('INSERT INTO jobs(jobs, datetime_created) VALUES(\'tomar café\', NOW())')
 4 APPPATH\Controllers\Main.php(62): CodeIgniter\Database\BaseConnection->query('INSERT INTO jobs(jobs, datetime_created) VALUES(:jobs:, NOW())', [...])
 5 SYSTEMPATH\CodeIgniter.php(898): App\Controllers\Main->newJobSubmition()
 6 SYSTEMPATH\CodeIgniter.php(457): CodeIgniter\CodeIgniter->runController(Object(App\Controllers\Main))
 7 SYSTEMPATH\CodeIgniter.php(340): CodeIgniter\CodeIgniter->handleRequest(null, Object(Config\Cache), false)
 8 FCPATH\index.php(67): CodeIgniter\CodeIgniter->run()
